<?xml version="1.0" encoding="utf-8"?><testsuites name="pytest tests"><testsuite name="pytest" errors="0" failures="0" skipped="0" tests="11" time="0.918" timestamp="2026-01-20T18:11:34.963691+00:00" hostname="agent-env-2aef1f9f-8e29-4916-95c8-e91e5bd6fb3c"><testcase classname="tests.test_accreditation_modules.TestPublicModulesAPI" name="test_public_modules_returns_active_modules" time="0.086" /><testcase classname="tests.test_accreditation_modules.TestPublicModulesAPI" name="test_public_modules_contains_required_slugs" time="0.040" /><testcase classname="tests.test_accreditation_modules.TestVendorSubmission" name="test_vendor_submission_success" time="0.044" /><testcase classname="tests.test_accreditation_modules.TestMediaSubmission" name="test_media_submission_success" time="0.037" /><testcase classname="tests.test_accreditation_modules.TestProAmSubmission" name="test_proam_submission_success" time="0.041" /><testcase classname="tests.test_accreditation_modules.TestProcurementSubmission" name="test_procurement_submission_success" time="0.034" /><testcase classname="tests.test_accreditation_modules.TestJobsSubmission" name="test_jobs_submission_success" time="0.041" /><testcase classname="tests.test_accreditation_modules.TestInvalidModuleSlug" name="test_invalid_module_returns_404" time="0.044" /><testcase classname="tests.test_accreditation_modules.TestInvalidModuleSlug" name="test_nonexistent_module_returns_404" time="0.040" /><testcase classname="tests.test_accreditation_modules.TestVolunteerModuleRedirect" name="test_volunteer_module_returns_400" time="0.035" /><testcase classname="tests.test_accreditation_modules.TestSubmissionPersistence" name="test_submission_stored_in_database" time="0.343" /></testsuite></testsuites>