<?xml version="1.0" encoding="utf-8"?><testsuites name="pytest tests"><testsuite name="pytest" errors="0" failures="0" skipped="0" tests="16" time="2.890" timestamp="2026-01-22T04:18:08.406903+00:00" hostname="agent-env-ac7c9539-bb2c-43e7-9ce2-05ff0fc6e480"><testcase classname="tests.test_mko_phase3.TestVolunteerStats" name="test_volunteer_stats_endpoint" time="0.063" /><testcase classname="tests.test_mko_phase3.TestWebmasterLogin" name="test_webmaster_login_success" time="0.263" /><testcase classname="tests.test_mko_phase3.TestWebmasterLogin" name="test_webmaster_login_wrong_password" time="0.257" /><testcase classname="tests.test_mko_phase3.TestWebmasterLogin" name="test_webmaster_login_wrong_username" time="0.042" /><testcase classname="tests.test_mko_phase3.TestMarshalCIOLogin" name="test_cio_login_success" time="0.265" /><testcase classname="tests.test_mko_phase3.TestMarshalCIOLogin" name="test_chiefmarshal_login_success" time="0.261" /><testcase classname="tests.test_mko_phase3.TestMarshalCIOLogin" name="test_marshal_login_wrong_password" time="0.258" /><testcase classname="tests.test_mko_phase3.TestSuperAdminAPIs" name="test_superadmin_stats" time="0.301" /><testcase classname="tests.test_mko_phase3.TestSuperAdminAPIs" name="test_superadmin_webmaster_users_list" time="0.305" /><testcase classname="tests.test_mko_phase3.TestSuperAdminAPIs" name="test_marshal_users_list" time="0.290" /><testcase classname="tests.test_mko_phase3.TestSuperAdminAPIs" name="test_superadmin_unauthorized_without_session" time="0.035" /><testcase classname="tests.test_mko_phase3.TestEmailEndpoint" name="test_email_endpoint_exists" time="0.311" /><testcase classname="tests.test_mko_phase3.TestEmailEndpoint" name="test_email_endpoint_unauthorized" time="0.033" /><testcase classname="tests.test_mko_phase3.TestHomepageAPIs" name="test_leaderboard_api" time="0.043" /><testcase classname="tests.test_mko_phase3.TestHomepageAPIs" name="test_tournament_info_api" time="0.073" /><testcase classname="tests.test_mko_phase3.TestHomepageAPIs" name="test_news_api" time="0.037" /></testsuite></testsuites>