<?xml version="1.0" encoding="utf-8"?><testsuites name="pytest tests"><testsuite name="pytest" errors="0" failures="0" skipped="0" tests="30" time="9.317" timestamp="2026-01-20T12:21:14.360981+00:00" hostname="agent-env-5fd9d208-65c8-42fa-ac4c-53d5efe5f179"><testcase classname="tests.test_volunteer_marshal.TestHealthCheck" name="test_api_health" time="0.125" /><testcase classname="tests.test_volunteer_marshal.TestHealthCheck" name="test_api_root" time="0.041" /><testcase classname="tests.test_volunteer_marshal.TestVolunteerRegistration" name="test_volunteer_stats_endpoint" time="0.044" /><testcase classname="tests.test_volunteer_marshal.TestVolunteerRegistration" name="test_volunteer_registration_success" time="0.065" /><testcase classname="tests.test_volunteer_marshal.TestVolunteerRegistration" name="test_volunteer_registration_duplicate_email" time="0.081" /><testcase classname="tests.test_volunteer_marshal.TestVolunteerRegistration" name="test_volunteer_registration_without_consent" time="0.040" /><testcase classname="tests.test_volunteer_marshal.TestVolunteerRegistration" name="test_volunteer_registration_scorer_role" time="0.038" /><testcase classname="tests.test_volunteer_marshal.TestMarshalAuthentication" name="test_marshal_login_success" time="0.271" /><testcase classname="tests.test_volunteer_marshal.TestMarshalAuthentication" name="test_marshal_login_invalid_credentials" time="0.039" /><testcase classname="tests.test_volunteer_marshal.TestMarshalAuthentication" name="test_marshal_me_without_auth" time="0.037" /><testcase classname="tests.test_volunteer_marshal.TestMarshalAuthentication" name="test_marshal_me_with_auth" time="0.301" /><testcase classname="tests.test_volunteer_marshal.TestMarshalAuthentication" name="test_marshal_logout" time="0.290" /><testcase classname="tests.test_volunteer_marshal.TestMarshalDashboard" name="test_get_dashboard_stats" time="0.306" /><testcase classname="tests.test_volunteer_marshal.TestMarshalDashboard" name="test_get_volunteers_list" time="0.297" /><testcase classname="tests.test_volunteer_marshal.TestMarshalDashboard" name="test_filter_volunteers_by_status" time="0.305" /><testcase classname="tests.test_volunteer_marshal.TestMarshalDashboard" name="test_filter_volunteers_by_role" time="0.300" /><testcase classname="tests.test_volunteer_marshal.TestVolunteerApprovalWorkflow" name="test_approve_volunteer" time="0.374" /><testcase classname="tests.test_volunteer_marshal.TestVolunteerApprovalWorkflow" name="test_reject_volunteer" time="0.370" /><testcase classname="tests.test_volunteer_marshal.TestAttendanceTracking" name="test_mark_attendance_present" time="0.376" /><testcase classname="tests.test_volunteer_marshal.TestAttendanceTracking" name="test_mark_attendance_late" time="0.374" /><testcase classname="tests.test_volunteer_marshal.TestAttendanceTracking" name="test_mark_attendance_absent" time="0.417" /><testcase classname="tests.test_volunteer_marshal.TestAttendanceTracking" name="test_get_attendance_by_date" time="0.299" /><testcase classname="tests.test_volunteer_marshal.TestCSVExport" name="test_export_volunteers_csv" time="0.323" /><testcase classname="tests.test_volunteer_marshal.TestCSVExport" name="test_export_attendance_csv" time="0.301" /><testcase classname="tests.test_volunteer_marshal.TestUserManagement" name="test_list_marshal_users" time="0.296" /><testcase classname="tests.test_volunteer_marshal.TestUserManagement" name="test_create_marshal_user" time="0.564" /><testcase classname="tests.test_volunteer_marshal.TestUserManagement" name="test_create_duplicate_username" time="0.298" /><testcase classname="tests.test_volunteer_marshal.TestRoleBasedAccessControl" name="test_viewer_cannot_approve_volunteers" time="0.863" /><testcase classname="tests.test_volunteer_marshal.TestRoleBasedAccessControl" name="test_viewer_cannot_create_users" time="0.821" /><testcase classname="tests.test_volunteer_marshal.TestRoleBasedAccessControl" name="test_viewer_can_view_volunteers" time="0.828" /></testsuite></testsuites>