<?xml version="1.0" encoding="utf-8"?><testsuites name="pytest tests"><testsuite name="pytest" errors="0" failures="0" skipped="0" tests="22" time="2.807" timestamp="2026-02-07T11:18:37.510435+00:00" hostname="agent-env-e5530aff-76bf-4228-b8ce-d6d386c01836"><testcase classname="tests.test_query_engine.TestQueryEngineAuth" name="test_query_requires_auth" time="0.082" /><testcase classname="tests.test_query_engine.TestQueryEngineAuth" name="test_locations_requires_auth" time="0.042" /><testcase classname="tests.test_query_engine.TestQueryEngineAuth" name="test_supervisors_requires_auth" time="0.043" /><testcase classname="tests.test_query_engine.TestQueryEngineAuth" name="test_presets_requires_auth" time="0.044" /><testcase classname="tests.test_query_engine.TestVolunteerQuery" name="test_query_all_approved" time="0.309" /><testcase classname="tests.test_query_engine.TestVolunteerQuery" name="test_query_by_role_marshal" time="0.044" /><testcase classname="tests.test_query_engine.TestVolunteerQuery" name="test_query_by_role_scorer" time="0.039" /><testcase classname="tests.test_query_engine.TestVolunteerQuery" name="test_query_karen_members" time="0.036" /><testcase classname="tests.test_query_engine.TestVolunteerQuery" name="test_query_non_karen_members" time="0.050" /><testcase classname="tests.test_query_engine.TestVolunteerQuery" name="test_query_by_day" time="0.038" /><testcase classname="tests.test_query_engine.TestVolunteerQuery" name="test_query_by_time_slot" time="0.041" /><testcase classname="tests.test_query_engine.TestVolunteerQuery" name="test_query_kenyan_nationality" time="0.040" /><testcase classname="tests.test_query_engine.TestVolunteerQuery" name="test_query_experienced_volunteers" time="0.040" /><testcase classname="tests.test_query_engine.TestVolunteerQuery" name="test_query_unassigned_only" time="0.038" /><testcase classname="tests.test_query_engine.TestVolunteerQuery" name="test_query_combined_filters" time="0.042" /><testcase classname="tests.test_query_engine.TestAssignmentLocations" name="test_get_locations" time="0.298" /><testcase classname="tests.test_query_engine.TestAssignmentSupervisors" name="test_get_supervisors" time="0.302" /><testcase classname="tests.test_query_engine.TestQueryPresets" name="test_get_presets" time="0.303" /><testcase classname="tests.test_query_engine.TestQueryPresets" name="test_save_preset" time="0.073" /><testcase classname="tests.test_query_engine.TestBulkAssign" name="test_bulk_assign_requires_volunteers" time="0.306" /><testcase classname="tests.test_query_engine.TestBulkAssign" name="test_bulk_assign_success" time="0.078" /><testcase classname="tests.test_query_engine.TestExportQuery" name="test_export_csv" time="0.301" /></testsuite></testsuites>